-- The C compiler identification is GNU 11.4.0
-- The CXX compiler identification is GNU 11.4.0
-- Detecting C compiler ABI info
-- Detecting C compiler ABI info - done
-- Check for working C compiler: /usr/bin/cc - skipped
-- Detecting C compile features
-- Detecting C compile features - done
-- Detecting CXX compiler ABI info
-- Detecting CXX compiler ABI info - done
-- Check for working CXX compiler: /usr/bin/c++ - skipped
-- Detecting CXX compile features
-- Detecting CXX compile features - done
-- Found ament_cmake: 1.3.9 (/opt/ros/humble/share/ament_cmake/cmake)
-- Found Python3: /usr/bin/python3 (found version "3.10.12") found components: Interpreter 
-- Found nav2_common: 1.1.15 (/opt/ros/humble/share/nav2_common/cmake)
-- Found nav2_core: 1.1.15 (/opt/ros/humble/share/nav2_core/cmake)
-- Found rosidl_generator_c: 3.1.5 (/opt/ros/humble/share/rosidl_generator_c/cmake)
-- Found rosidl_adapter: 3.1.5 (/opt/ros/humble/share/rosidl_adapter/cmake)
-- Found rosidl_generator_cpp: 3.1.5 (/opt/ros/humble/share/rosidl_generator_cpp/cmake)
-- Using all available rosidl_typesupport_c: rosidl_typesupport_fastrtps_c;rosidl_typesupport_introspection_c
-- Using all available rosidl_typesupport_cpp: rosidl_typesupport_fastrtps_cpp;rosidl_typesupport_introspection_cpp
-- Found rmw_implementation_cmake: 6.1.2 (/opt/ros/humble/share/rmw_implementation_cmake/cmake)
-- Found rmw_fastrtps_cpp: 6.2.6 (/opt/ros/humble/share/rmw_fastrtps_cpp/cmake)
-- Found OpenSSL: /usr/lib/x86_64-linux-gnu/libcrypto.so (found version "3.0.2")  
-- Found FastRTPS: /opt/ros/humble/include  
-- Using RMW implementation 'rmw_fastrtps_cpp' as default
-- Looking for pthread.h
-- Looking for pthread.h - found
-- Performing Test CMAKE_HAVE_LIBC_PTHREAD
-- Performing Test CMAKE_HAVE_LIBC_PTHREAD - Success
-- Found Threads: TRUE  
-- Found Eigen3: TRUE (found version "3.4.0") 
-- Ensuring Eigen3 include directory is part of orocos-kdl CMake target
-- Found tf2_eigen: 0.25.7 (/opt/ros/humble/share/tf2_eigen/cmake)
-- Found neo_srvs2: 0.1.0 (/home/shlok/motio_planning_ws/install/neo_srvs2/share/neo_srvs2/cmake)
-- Found rclpy: 3.3.13 (/opt/ros/humble/share/rclpy/cmake)
-- Configuring done
-- Generating done
-- Build files have been written to: /home/shlok/motio_planning_ws/build/neo_mpc_planner2
[ 50%] [32mBuilding CXX object CMakeFiles/neo_mpc_planner2.dir/src/NeoMpcPlanner.cpp.o[0m
[ 50%] Built target ament_cmake_python_copy_neo_mpc_planner2
[ 50%] Built target ament_cmake_python_copy_neo_mpc_planner2_setup
running egg_info
creating neo_mpc_planner2.egg-info
writing neo_mpc_planner2.egg-info/PKG-INFO
writing dependency_links to neo_mpc_planner2.egg-info/dependency_links.txt
writing top-level names to neo_mpc_planner2.egg-info/top_level.txt
writing manifest file 'neo_mpc_planner2.egg-info/SOURCES.txt'
reading manifest file 'neo_mpc_planner2.egg-info/SOURCES.txt'
writing manifest file 'neo_mpc_planner2.egg-info/SOURCES.txt'
[ 50%] Built target ament_cmake_python_build_neo_mpc_planner2_egg
[01m[K/home/shlok/motio_planning_ws/motion_planning_mpc/src/NeoMpcPlanner.cpp:34:10:[m[K [01;31m[Kfatal error: [m[Knav2_core/controller_exceptions.hpp: No such file or directory
   34 | #include [01;31m[K"nav2_core/controller_exceptions.hpp"[m[K
      |          [01;31m[K^~~~~~~~~~~~~~~~~~~~~~~~~~~~~~~~~~~~~[m[K
compilation terminated.
gmake[2]: *** [CMakeFiles/neo_mpc_planner2.dir/build.make:76: CMakeFiles/neo_mpc_planner2.dir/src/NeoMpcPlanner.cpp.o] Error 1
gmake[1]: *** [CMakeFiles/Makefile2:220: CMakeFiles/neo_mpc_planner2.dir/all] Error 2
gmake: *** [Makefile:146: all] Error 2
